<?xml version="1.0" encoding="UTF-8"?>
<testsuite xmlns:xsi="http://www.w3.org/2001/XMLSchema-instance" xsi:noNamespaceSchemaLocation="https://maven.apache.org/surefire/maven-surefire-plugin/xsd/surefire-test-report.xsd" name="lifanov.PosterTest" time="0.099" tests="3" errors="0" skipped="0" failures="0">
  <properties>
[...]
</properties>
  <testcase name="addFilm" classname="lifanov.PosterTest" time="0.078"/>
  <testcase name="findAll" classname="lifanov.PosterTest" time="0.001"/>
  <testcase name="findLast" classname="lifanov.PosterTest" time="0.002"/>
</testsuite>